# JRE version: OpenJDK Runtime Environment Temurin-21.0.6+7 (21.0.6+7) (build 21.0.6+7-LTS)
# Java VM: OpenJDK 64-Bit Server VM Temurin-21.0.6+7 (21.0.6+7-LTS, mixed mode, sharing, tiered, compressed oops, compressed class ptrs, parallel gc, windows-amd64)
GC Precious Log:
 CardTable entry size: 512
 CPUs: 4 total, 4 available
 Memory: 7897M
 Large Page Support: Disabled
 NUMA Support: Disabled
 Compressed Oops: Enabled (32-bit)
 Alignments: Space 512K, Generation 512K, Heap 2M
 Heap Min Capacity: 100M
 Heap Initial Capacity: 100M
 Heap Max Capacity: 1G
 Pre-touch: Disabled
 Parallel Workers: 4
Heap:
 PSYoungGen      total 22528K, used 19364K [0x00000000eab00000, 0x00000000ec780000, 0x0000000100000000)
  eden space 22016K, 86% used [0x00000000eab00000,0x00000000ebd97f48,0x00000000ec080000)
  from space 512K, 63% used [0x00000000ec680000,0x00000000ec6d1390,0x00000000ec700000)
  to   space 512K, 0% used [0x00000000ec700000,0x00000000ec700000,0x00000000ec780000)
 ParOldGen       total 68608K, used 42944K [0x00000000c0000000, 0x00000000c4300000, 0x00000000eab00000)
  object space 68608K, 62% used [0x00000000c0000000,0x00000000c29f01a8,0x00000000c4300000)
 Metaspace       used 66677K, committed 67968K, reserved 1114112K
  class space    used 8186K, committed 8768K, reserved 1048576K
GC Heap History (20 events):
Event: 79.273 GC heap before
{Heap before GC invocations=35 (full 3):
 PSYoungGen      total 23040K, used 22591K [0x00000000eab00000, 0x00000000ec900000, 0x0000000100000000)
  eden space 22016K, 100% used [0x00000000eab00000,0x00000000ec080000,0x00000000ec080000)
  from space 1024K, 56% used [0x00000000ec700000,0x00000000ec78fc70,0x00000000ec800000)
  to   space 1024K, 0% used [0x00000000ec800000,0x00000000ec800000,0x00000000ec900000)
 ParOldGen       total 68608K, used 40768K [0x00000000c0000000, 0x00000000c4300000, 0x00000000eab00000)
  object space 68608K, 59% used [0x00000000c0000000,0x00000000c27d0318,0x00000000c4300000)
 Metaspace       used 64992K, committed 66240K, reserved 1114112K
  class space    used 7969K, committed 8512K, reserved 1048576K
}
Event: 79.275 GC heap after
{Heap after GC invocations=35 (full 3):
 PSYoungGen      total 22528K, used 256K [0x00000000eab00000, 0x00000000ec880000, 0x0000000100000000)
  eden space 22016K, 0% used [0x00000000eab00000,0x00000000eab00000,0x00000000ec080000)
  from space 512K, 50% used [0x00000000ec800000,0x00000000ec840000,0x00000000ec880000)
  to   space 512K, 0% used [0x00000000ec780000,0x00000000ec780000,0x00000000ec800000)
 ParOldGen       total 68608K, used 40904K [0x00000000c0000000, 0x00000000c4300000, 0x00000000eab00000)
  object space 68608K, 59% used [0x00000000c0000000,0x00000000c27f2318,0x00000000c4300000)
 Metaspace       used 64992K, committed 66240K, reserved 1114112K
  class space    used 7969K, committed 8512K, reserved 1048576K
}
Event: 79.548 GC heap before
{Heap before GC invocations=36 (full 3):
 PSYoungGen      total 22528K, used 22272K [0x00000000eab00000, 0x00000000ec880000, 0x0000000100000000)
  eden space 22016K, 100% used [0x00000000eab00000,0x00000000ec080000,0x00000000ec080000)
  from space 512K, 50% used [0x00000000ec800000,0x00000000ec840000,0x00000000ec880000)
  to   space 512K, 0% used [0x00000000ec780000,0x00000000ec780000,0x00000000ec800000)
 ParOldGen       total 68608K, used 40904K [0x00000000c0000000, 0x00000000c4300000, 0x00000000eab00000)
  object space 68608K, 59% used [0x00000000c0000000,0x00000000c27f2318,0x00000000c4300000)
 Metaspace       used 65048K, committed 66368K, reserved 1114112K
  class space    used 7978K, committed 8576K, reserved 1048576K
}
Event: 79.550 GC heap after
{Heap after GC invocations=36 (full 3):
 PSYoungGen      total 22528K, used 510K [0x00000000eab00000, 0x00000000ec880000, 0x0000000100000000)
  eden space 22016K, 0% used [0x00000000eab00000,0x00000000eab00000,0x00000000ec080000)
  from space 512K, 99% used [0x00000000ec780000,0x00000000ec7ffb10,0x00000000ec800000)
  to   space 512K, 0% used [0x00000000ec800000,0x00000000ec800000,0x00000000ec880000)
 ParOldGen       total 68608K, used 41504K [0x00000000c0000000, 0x00000000c4300000, 0x00000000eab00000)
  object space 68608K, 60% used [0x00000000c0000000,0x00000000c2888070,0x00000000c4300000)
 Metaspace       used 65048K, committed 66368K, reserved 1114112K
  class space    used 7978K, committed 8576K, reserved 1048576K
}
Event: 79.833 GC heap before
{Heap before GC invocations=37 (full 3):
 PSYoungGen      total 22528K, used 22526K [0x00000000eab00000, 0x00000000ec880000, 0x0000000100000000)
  eden space 22016K, 100% used [0x00000000eab00000,0x00000000ec080000,0x00000000ec080000)
  from space 512K, 99% used [0x00000000ec780000,0x00000000ec7ffb10,0x00000000ec800000)
  to   space 512K, 0% used [0x00000000ec800000,0x00000000ec800000,0x00000000ec880000)
 ParOldGen       total 68608K, used 41504K [0x00000000c0000000, 0x00000000c4300000, 0x00000000eab00000)
  object space 68608K, 60% used [0x00000000c0000000,0x00000000c2888070,0x00000000c4300000)
 Metaspace       used 65048K, committed 66368K, reserved 1114112K
  class space    used 7978K, committed 8576K, reserved 1048576K
}
Event: 79.834 GC heap after
{Heap after GC invocations=37 (full 3):
 PSYoungGen      total 22528K, used 510K [0x00000000eab00000, 0x00000000ec880000, 0x0000000100000000)
  eden space 22016K, 0% used [0x00000000eab00000,0x00000000eab00000,0x00000000ec080000)
  from space 512K, 99% used [0x00000000ec800000,0x00000000ec87f9d0,0x00000000ec880000)
  to   space 1536K, 0% used [0x00000000ec580000,0x00000000ec580000,0x00000000ec700000)
 ParOldGen       total 68608K, used 42053K [0x00000000c0000000, 0x00000000c4300000, 0x00000000eab00000)
  object space 68608K, 61% used [0x00000000c0000000,0x00000000c2911650,0x00000000c4300000)
 Metaspace       used 65048K, committed 66368K, reserved 1114112K
  class space    used 7978K, committed 8576K, reserved 1048576K
}
Event: 80.112 GC heap before
{Heap before GC invocations=38 (full 3):
 PSYoungGen      total 22528K, used 22526K [0x00000000eab00000, 0x00000000ec880000, 0x0000000100000000)
  eden space 22016K, 100% used [0x00000000eab00000,0x00000000ec080000,0x00000000ec080000)
  from space 512K, 99% used [0x00000000ec800000,0x00000000ec87f9d0,0x00000000ec880000)
  to   space 1536K, 0% used [0x00000000ec580000,0x00000000ec580000,0x00000000ec700000)
 ParOldGen       total 68608K, used 42053K [0x00000000c0000000, 0x00000000c4300000, 0x00000000eab00000)
  object space 68608K, 61% used [0x00000000c0000000,0x00000000c2911650,0x00000000c4300000)
 Metaspace       used 65048K, committed 66368K, reserved 1114112K
  class space    used 7978K, committed 8576K, reserved 1048576K
}
Event: 80.113 GC heap after
{Heap after GC invocations=38 (full 3):
 PSYoungGen      total 23552K, used 695K [0x00000000eab00000, 0x00000000ec880000, 0x0000000100000000)
  eden space 22016K, 0% used [0x00000000eab00000,0x00000000eab00000,0x00000000ec080000)
  from space 1536K, 45% used [0x00000000ec580000,0x00000000ec62dcf8,0x00000000ec700000)
  to   space 1024K, 0% used [0x00000000ec780000,0x00000000ec780000,0x00000000ec880000)
 ParOldGen       total 68608K, used 42085K [0x00000000c0000000, 0x00000000c4300000, 0x00000000eab00000)
  object space 68608K, 61% used [0x00000000c0000000,0x00000000c2919650,0x00000000c4300000)
 Metaspace       used 65048K, committed 66368K, reserved 1114112K
  class space    used 7978K, committed 8576K, reserved 1048576K
}
Event: 80.375 GC heap before
{Heap before GC invocations=39 (full 3):
 PSYoungGen      total 23552K, used 22711K [0x00000000eab00000, 0x00000000ec880000, 0x0000000100000000)
  eden space 22016K, 100% used [0x00000000eab00000,0x00000000ec080000,0x00000000ec080000)
  from space 1536K, 45% used [0x00000000ec580000,0x00000000ec62dcf8,0x00000000ec700000)
  to   space 1024K, 0% used [0x00000000ec780000,0x00000000ec780000,0x00000000ec880000)
 ParOldGen       total 68608K, used 42085K [0x00000000c0000000, 0x00000000c4300000, 0x00000000eab00000)
  object space 68608K, 61% used [0x00000000c0000000,0x00000000c2919650,0x00000000c4300000)
 Metaspace       used 65048K, committed 66368K, reserved 1114112K
  class space    used 7978K, committed 8576K, reserved 1048576K
}
Event: 80.376 GC heap after
{Heap after GC invocations=39 (full 3):
 PSYoungGen      total 22528K, used 234K [0x00000000eab00000, 0x00000000ec800000, 0x0000000100000000)
  eden space 22016K, 0% used [0x00000000eab00000,0x00000000eab00000,0x00000000ec080000)
  from space 512K, 45% used [0x00000000ec780000,0x00000000ec7ba970,0x00000000ec800000)
  to   space 512K, 0% used [0x00000000ec700000,0x00000000ec700000,0x00000000ec780000)
 ParOldGen       total 68608K, used 42125K [0x00000000c0000000, 0x00000000c4300000, 0x00000000eab00000)
  object space 68608K, 61% used [0x00000000c0000000,0x00000000c2923650,0x00000000c4300000)
 Metaspace       used 65048K, committed 66368K, reserved 1114112K
  class space    used 7978K, committed 8576K, reserved 1048576K
}
Event: 80.609 GC heap before
{Heap before GC invocations=40 (full 3):
 PSYoungGen      total 22528K, used 22250K [0x00000000eab00000, 0x00000000ec800000, 0x0000000100000000)
  eden space 22016K, 100% used [0x00000000eab00000,0x00000000ec080000,0x00000000ec080000)
  from space 512K, 45% used [0x00000000ec780000,0x00000000ec7ba970,0x00000000ec800000)
  to   space 512K, 0% used [0x00000000ec700000,0x00000000ec700000,0x00000000ec780000)
 ParOldGen       total 68608K, used 42125K [0x00000000c0000000, 0x00000000c4300000, 0x00000000eab00000)
  object space 68608K, 61% used [0x00000000c0000000,0x00000000c2923650,0x00000000c4300000)
 Metaspace       used 65048K, committed 66368K, reserved 1114112K
  class space    used 7978K, committed 8576K, reserved 1048576K
}
Event: 80.610 GC heap after
{Heap after GC invocations=40 (full 3):
 PSYoungGen      total 22528K, used 511K [0x00000000eab00000, 0x00000000ec800000, 0x0000000100000000)
  eden space 22016K, 0% used [0x00000000eab00000,0x00000000eab00000,0x00000000ec080000)
  from space 512K, 99% used [0x00000000ec700000,0x00000000ec77fde8,0x00000000ec780000)
  to   space 512K, 0% used [0x00000000ec780000,0x00000000ec780000,0x00000000ec800000)
 ParOldGen       total 68608K, used 42274K [0x00000000c0000000, 0x00000000c4300000, 0x00000000eab00000)
  object space 68608K, 61% used [0x00000000c0000000,0x00000000c2948a40,0x00000000c4300000)
 Metaspace       used 65048K, committed 66368K, reserved 1114112K
  class space    used 7978K, committed 8576K, reserved 1048576K
}
Event: 80.864 GC heap before
{Heap before GC invocations=41 (full 3):
 PSYoungGen      total 22528K, used 22527K [0x00000000eab00000, 0x00000000ec800000, 0x0000000100000000)
  eden space 22016K, 100% used [0x00000000eab00000,0x00000000ec080000,0x00000000ec080000)
  from space 512K, 99% used [0x00000000ec700000,0x00000000ec77fde8,0x00000000ec780000)
  to   space 512K, 0% used [0x00000000ec780000,0x00000000ec780000,0x00000000ec800000)
 ParOldGen       total 68608K, used 42274K [0x00000000c0000000, 0x00000000c4300000, 0x00000000eab00000)
  object space 68608K, 61% used [0x00000000c0000000,0x00000000c2948a40,0x00000000c4300000)
 Metaspace       used 65049K, committed 66368K, reserved 1114112K
  class space    used 7978K, committed 8576K, reserved 1048576K
}
Event: 80.865 GC heap after
{Heap after GC invocations=41 (full 3):
 PSYoungGen      total 22528K, used 492K [0x00000000eab00000, 0x00000000ec800000, 0x0000000100000000)
  eden space 22016K, 0% used [0x00000000eab00000,0x00000000eab00000,0x00000000ec080000)
  from space 512K, 96% used [0x00000000ec780000,0x00000000ec7fb0b0,0x00000000ec800000)
  to   space 1536K, 0% used [0x00000000ec500000,0x00000000ec500000,0x00000000ec680000)
 ParOldGen       total 68608K, used 42806K [0x00000000c0000000, 0x00000000c4300000, 0x00000000eab00000)
  object space 68608K, 62% used [0x00000000c0000000,0x00000000c29cd940,0x00000000c4300000)
 Metaspace       used 65049K, committed 66368K, reserved 1114112K
  class space    used 7978K, committed 8576K, reserved 1048576K
}
Event: 81.123 GC heap before
{Heap before GC invocations=42 (full 3):
 PSYoungGen      total 22528K, used 22508K [0x00000000eab00000, 0x00000000ec800000, 0x0000000100000000)
  eden space 22016K, 100% used [0x00000000eab00000,0x00000000ec080000,0x00000000ec080000)
  from space 512K, 96% used [0x00000000ec780000,0x00000000ec7fb0b0,0x00000000ec800000)
  to   space 1536K, 0% used [0x00000000ec500000,0x00000000ec500000,0x00000000ec680000)
 ParOldGen       total 68608K, used 42806K [0x00000000c0000000, 0x00000000c4300000, 0x00000000eab00000)
  object space 68608K, 62% used [0x00000000c0000000,0x00000000c29cd940,0x00000000c4300000)
 Metaspace       used 65049K, committed 66368K, reserved 1114112K
  class space    used 7978K, committed 8576K, reserved 1048576K
}
Event: 81.124 GC heap after
{Heap after GC invocations=42 (full 3):
 PSYoungGen      total 23552K, used 735K [0x00000000eab00000, 0x00000000ec800000, 0x0000000100000000)
  eden space 22016K, 0% used [0x00000000eab00000,0x00000000eab00000,0x00000000ec080000)
  from space 1536K, 47% used [0x00000000ec500000,0x00000000ec5b7e08,0x00000000ec680000)
  to   space 1024K, 0% used [0x00000000ec700000,0x00000000ec700000,0x00000000ec800000)
 ParOldGen       total 68608K, used 42846K [0x00000000c0000000, 0x00000000c4300000, 0x00000000eab00000)
  object space 68608K, 62% used [0x00000000c0000000,0x00000000c29d7940,0x00000000c4300000)
 Metaspace       used 65049K, committed 66368K, reserved 1114112K
  class space    used 7978K, committed 8576K, reserved 1048576K
}
Event: 81.358 GC heap before
{Heap before GC invocations=43 (full 3):
 PSYoungGen      total 23552K, used 22751K [0x00000000eab00000, 0x00000000ec800000, 0x0000000100000000)
  eden space 22016K, 100% used [0x00000000eab00000,0x00000000ec080000,0x00000000ec080000)
  from space 1536K, 47% used [0x00000000ec500000,0x00000000ec5b7e08,0x00000000ec680000)
  to   space 1024K, 0% used [0x00000000ec700000,0x00000000ec700000,0x00000000ec800000)
 ParOldGen       total 68608K, used 42846K [0x00000000c0000000, 0x00000000c4300000, 0x00000000eab00000)
  object space 68608K, 62% used [0x00000000c0000000,0x00000000c29d7940,0x00000000c4300000)
 Metaspace       used 65049K, committed 66368K, reserved 1114112K
  class space    used 7978K, committed 8576K, reserved 1048576K
}
Event: 81.359 GC heap after
{Heap after GC invocations=43 (full 3):
 PSYoungGen      total 22528K, used 234K [0x00000000eab00000, 0x00000000ec780000, 0x0000000100000000)
  eden space 22016K, 0% used [0x00000000eab00000,0x00000000eab00000,0x00000000ec080000)
  from space 512K, 45% used [0x00000000ec700000,0x00000000ec73a9a0,0x00000000ec780000)
  to   space 512K, 0% used [0x00000000ec680000,0x00000000ec680000,0x00000000ec700000)
 ParOldGen       total 68608K, used 42894K [0x00000000c0000000, 0x00000000c4300000, 0x00000000eab00000)
  object space 68608K, 62% used [0x00000000c0000000,0x00000000c29e3940,0x00000000c4300000)
 Metaspace       used 65049K, committed 66368K, reserved 1114112K
  class space    used 7978K, committed 8576K, reserved 1048576K
}
Event: 81.583 GC heap before
{Heap before GC invocations=44 (full 3):
 PSYoungGen      total 22528K, used 22250K [0x00000000eab00000, 0x00000000ec780000, 0x0000000100000000)
  eden space 22016K, 100% used [0x00000000eab00000,0x00000000ec080000,0x00000000ec080000)
  from space 512K, 45% used [0x00000000ec700000,0x00000000ec73a9a0,0x00000000ec780000)
  to   space 512K, 0% used [0x00000000ec680000,0x00000000ec680000,0x00000000ec700000)
 ParOldGen       total 68608K, used 42894K [0x00000000c0000000, 0x00000000c4300000, 0x00000000eab00000)
  object space 68608K, 62% used [0x00000000c0000000,0x00000000c29e3940,0x00000000c4300000)
 Metaspace       used 65049K, committed 66368K, reserved 1114112K
  class space    used 7978K, committed 8576K, reserved 1048576K
}
Event: 81.584 GC heap after
{Heap after GC invocations=44 (full 3):
 PSYoungGen      total 22528K, used 324K [0x00000000eab00000, 0x00000000ec780000, 0x0000000100000000)
  eden space 22016K, 0% used [0x00000000eab00000,0x00000000eab00000,0x00000000ec080000)
  from space 512K, 63% used [0x00000000ec680000,0x00000000ec6d1390,0x00000000ec700000)
  to   space 512K, 0% used [0x00000000ec700000,0x00000000ec700000,0x00000000ec780000)
 ParOldGen       total 68608K, used 42944K [0x00000000c0000000, 0x00000000c4300000, 0x00000000eab00000)
  object space 68608K, 62% used [0x00000000c0000000,0x00000000c29f01a8,0x00000000c4300000)
 Metaspace       used 65049K, committed 66368K, reserved 1114112K
  class space    used 7978K, committed 8576K, reserved 1048576K
}

